Tue Jul 10 2018 22:49:28 GMT-0700 (PDT): GET /
Tue Jul 10 2018 22:49:28 GMT-0700 (PDT): GET /favicon.ico
Tue Jul 10 2018 22:49:29 GMT-0700 (PDT): GET /
Tue Jul 10 2018 22:49:29 GMT-0700 (PDT): GET /about
Tue Jul 10 2018 22:49:32 GMT-0700 (PDT): GET /
Tue Jul 10 2018 22:49:32 GMT-0700 (PDT): GET /about
Tue Jul 10 2018 22:51:15 GMT-0700 (PDT): GET /about
Tue Jul 10 2018 22:51:15 GMT-0700 (PDT): GET /robots.txt
Tue Jul 10 2018 22:51:17 GMT-0700 (PDT): GET /about
Tue Jul 10 2018 22:51:21 GMT-0700 (PDT): GET /
Tue Jul 10 2018 22:51:22 GMT-0700 (PDT): GET /about
Tue Jul 10 2018 22:51:55 GMT-0700 (PDT): GET /about
Tue Jul 10 2018 22:52:09 GMT-0700 (PDT): GET /about
Tue Jul 10 2018 22:53:42 GMT-0700 (PDT): GET /about
Tue Jul 10 2018 22:53:44 GMT-0700 (PDT): GET /
Tue Jul 10 2018 22:53:46 GMT-0700 (PDT): GET /about
Tue Jul 10 2018 22:53:47 GMT-0700 (PDT): GET /
Tue Jul 10 2018 22:53:53 GMT-0700 (PDT): GET /projects
Tue Jul 10 2018 22:57:36 GMT-0700 (PDT): GET /
Tue Jul 10 2018 22:57:38 GMT-0700 (PDT): GET /projects
